R1 =  1030.6
R2 =  2076.3
R3 =  3112.3
R4 =  4181.4
R5 =  3067.5
R6 =  2010.4
R7 =  1005.9
Va =  5.1952
Id =  0.0010414
Kb =  0.0071117
Kc =  8029.8
A =

      1.00000      0.00000      0.00000      0.00000
      0.00000    -21.13374     22.13374      0.00000
      0.00000  -3112.28971   8324.26174  -4181.41305
      0.00000      0.00000  -4181.41305   -832.15122

B =

   0.00104
   0.00000
  -5.19520
   0.00000

C =

   0.00104140
  -0.00020866
  -0.00019924
   0.00100113

I_a = -0.00019924
I_b = -0.00020866
I_c =  0.0010011
I_d =  0.0010414
Vb = -0.029341
Ic =  0.0010011
Ib = -0.00020866
Ib = -0.00020866
Vc =  8.0388
ans = 0
