R1 =  1030.6
R2 =  2076.3
R3 =  3112.3
R4 =  4181.4
R5 =  3067.5
R6 =  2010.4
R7 =  1005.9
Va =  5.1952
Id =  0.0010414
Kb =  0.0071117
Kc =  8029.8
V0 = 0
A =

   1.00000   0.00000   0.00000   0.00000   0.00000   0.00000   0.00000
  -0.00097   0.00177  -0.00048  -0.00032   0.00000   0.00000   0.00000
   0.00000  -0.00759   0.00048   0.00711   0.00000   0.00000   0.00000
   0.00000   0.00711   0.00000  -0.00744   0.00033   0.00000   0.00000
   0.00000   0.00000   0.00000   0.00000   0.00000   0.00149  -0.00099
   0.00000   0.00000   0.00000   1.00000   0.00000   3.99422  -1.00000
   0.00000  -0.00032   0.00000   0.00089  -0.00033  -0.00099   0.00099

B =

   5.19520
   0.00000
   0.00000
   0.00104
   0.00000
   0.00000
  -0.00104

C =

   5.1952
   4.9899
   4.5566
   5.0192
   8.8537
  -2.0126
  -3.0196

V1 =  5.1952
V2 =  4.9899
V3 =  4.5566
V4 =  5.0192
V5 =  8.8537
V6 = -2.0126
V7 = -3.0196
Ic =  0.0010011
Vc =  8.0388
Vb = -0.029341
Ib = -0.00020866
